0 info it worked if it ends with ok
1 verbose cli [ '/Users/falkojoseph/.nvm/v0.10.46/bin/node',
1 verbose cli   '/Users/falkojoseph/.nvm/v0.10.46/bin/npm',
1 verbose cli   'i' ]
2 info using npm@2.15.1
3 info using node@v0.10.46
4 verbose readDependencies loading dependencies from /Users/falkojoseph/code/compagnon/gravitate-grav/package.json
5 error install Couldn't read dependencies
6 verbose stack Error: Invalid name: "<%= siteSlug %>"
6 verbose stack     at ensureValidName (/Users/falkojoseph/.nvm/v0.10.46/lib/node_modules/npm/node_modules/normalize-package-data/lib/fixer.js:336:15)
6 verbose stack     at Object.module.exports.fixNameField (/Users/falkojoseph/.nvm/v0.10.46/lib/node_modules/npm/node_modules/normalize-package-data/lib/fixer.js:215:5)
6 verbose stack     at /Users/falkojoseph/.nvm/v0.10.46/lib/node_modules/npm/node_modules/normalize-package-data/lib/normalize.js:32:38
6 verbose stack     at Array.forEach (native)
6 verbose stack     at normalize (/Users/falkojoseph/.nvm/v0.10.46/lib/node_modules/npm/node_modules/normalize-package-data/lib/normalize.js:31:15)
6 verbose stack     at final (/Users/falkojoseph/.nvm/v0.10.46/lib/node_modules/npm/node_modules/read-package-json/read-json.js:338:5)
6 verbose stack     at then (/Users/falkojoseph/.nvm/v0.10.46/lib/node_modules/npm/node_modules/read-package-json/read-json.js:113:5)
6 verbose stack     at /Users/falkojoseph/.nvm/v0.10.46/lib/node_modules/npm/node_modules/read-package-json/read-json.js:300:12
6 verbose stack     at /Users/falkojoseph/.nvm/v0.10.46/lib/node_modules/npm/node_modules/graceful-fs/graceful-fs.js:78:16
6 verbose stack     at fs.js:272:14
7 verbose cwd /Users/falkojoseph/code/compagnon/gravitate-grav
8 error Darwin 16.7.0
9 error argv "/Users/falkojoseph/.nvm/v0.10.46/bin/node" "/Users/falkojoseph/.nvm/v0.10.46/bin/npm" "i"
10 error node v0.10.46
11 error npm  v2.15.1
12 error Invalid name: "<%= siteSlug %>"
13 error If you need help, you may report this error at:
13 error     <https://github.com/npm/npm/issues>
14 verbose exit [ 1, true ]
